\BOOKMARK [1][-]{section.0}{Header}{}% 1
\BOOKMARK [1][-]{section.1}{Math}{}% 2
\BOOKMARK [2][-]{subsection.1.1}{Prime}{section.1}% 3
\BOOKMARK [3][-]{subsubsection.1.1.1}{Eratosthenes\040Sieve}{subsection.1.1}% 4
\BOOKMARK [3][-]{subsubsection.1.1.2}{Eular\040Sieve}{subsection.1.1}% 5
\BOOKMARK [3][-]{subsubsection.1.1.3}{Prime\040Factorization}{subsection.1.1}% 6
\BOOKMARK [3][-]{subsubsection.1.1.4}{Miller\040Rabin}{subsection.1.1}% 7
\BOOKMARK [3][-]{subsubsection.1.1.5}{Segment\040Sieve}{subsection.1.1}% 8
\BOOKMARK [2][-]{subsection.1.2}{Euler\040phi}{section.1}% 9
\BOOKMARK [3][-]{subsubsection.1.2.1}{Euler}{subsection.1.2}% 10
\BOOKMARK [3][-]{subsubsection.1.2.2}{Sieve}{subsection.1.2}% 11
\BOOKMARK [2][-]{subsection.1.3}{Basic\040Number\040Theory}{section.1}% 12
\BOOKMARK [3][-]{subsubsection.1.3.1}{Extended\040Euclidean}{subsection.1.3}% 13
\BOOKMARK [3][-]{subsubsection.1.3.2}{ax+by=c}{subsection.1.3}% 14
\BOOKMARK [3][-]{subsubsection.1.3.3}{Multiplicative\040Inverse\040Modulo}{subsection.1.3}% 15
\BOOKMARK [3][-]{subsubsection.1.3.4}{Discrete\040Logarithm}{subsection.1.3}% 16
\BOOKMARK [2][-]{subsection.1.4}{Modulo\040Linear\040Equation}{section.1}% 17
\BOOKMARK [3][-]{subsubsection.1.4.1}{Chinese\040Remainder\040Theory}{subsection.1.4}% 18
\BOOKMARK [3][-]{subsubsection.1.4.2}{ExCRT}{subsection.1.4}% 19
\BOOKMARK [2][-]{subsection.1.5}{Combinatorics}{section.1}% 20
\BOOKMARK [3][-]{subsubsection.1.5.1}{Combination}{subsection.1.5}% 21
\BOOKMARK [3][-]{subsubsection.1.5.2}{Lucas}{subsection.1.5}% 22
\BOOKMARK [3][-]{subsubsection.1.5.3}{Big\040Combination}{subsection.1.5}% 23
\BOOKMARK [3][-]{subsubsection.1.5.4}{Polya}{subsection.1.5}% 24
\BOOKMARK [2][-]{subsection.1.6}{Fast\040Power}{section.1}% 25
\BOOKMARK [2][-]{subsection.1.7}{Mobius\040Inversion}{section.1}% 26
\BOOKMARK [3][-]{subsubsection.1.7.1}{Mobius}{subsection.1.7}% 27
\BOOKMARK [3][-]{subsubsection.1.7.2}{Examples}{subsection.1.7}% 28
\BOOKMARK [2][-]{subsection.1.8}{Fast\040Transformation}{section.1}% 29
\BOOKMARK [3][-]{subsubsection.1.8.1}{FFT}{subsection.1.8}% 30
\BOOKMARK [3][-]{subsubsection.1.8.2}{NTT}{subsection.1.8}% 31
\BOOKMARK [3][-]{subsubsection.1.8.3}{FWT}{subsection.1.8}% 32
\BOOKMARK [2][-]{subsection.1.9}{Numerical\040Integration}{section.1}% 33
\BOOKMARK [3][-]{subsubsection.1.9.1}{Adaptive\040Simpson's\040Rule}{subsection.1.9}% 34
\BOOKMARK [3][-]{subsubsection.1.9.2}{Berlekamp-Massey}{subsection.1.9}% 35
\BOOKMARK [3][-]{subsubsection.1.9.3}{Simplex}{subsection.1.9}% 36
\BOOKMARK [2][-]{subsection.1.10}{Others}{section.1}% 37
\BOOKMARK [2][-]{subsection.1.11}{Formula}{section.1}% 38
\BOOKMARK [1][-]{section.2}{String\040Processing}{}% 39
\BOOKMARK [2][-]{subsection.2.1}{KMP}{section.2}% 40
\BOOKMARK [2][-]{subsection.2.2}{ExtendKMP}{section.2}% 41
\BOOKMARK [2][-]{subsection.2.3}{Manacher}{section.2}% 42
\BOOKMARK [2][-]{subsection.2.4}{Aho-Corasick\040Automaton}{section.2}% 43
\BOOKMARK [2][-]{subsection.2.5}{Suffix\040Array}{section.2}% 44
\BOOKMARK [2][-]{subsection.2.6}{Suffix\040Automation}{section.2}% 45
\BOOKMARK [2][-]{subsection.2.7}{Palindromic\040Tree}{section.2}% 46
\BOOKMARK [2][-]{subsection.2.8}{Hash}{section.2}% 47
\BOOKMARK [1][-]{section.3}{Data\040Structure}{}% 48
\BOOKMARK [2][-]{subsection.3.1}{Binary\040Indexed\040Tree}{section.3}% 49
\BOOKMARK [2][-]{subsection.3.2}{Segment\040Tree}{section.3}% 50
\BOOKMARK [3][-]{subsubsection.3.2.1}{Area\040Combination}{subsection.3.2}% 51
\BOOKMARK [3][-]{subsubsection.3.2.2}{Area\040Intersection}{subsection.3.2}% 52
\BOOKMARK [3][-]{subsubsection.3.2.3}{Perimeter\040Combination}{subsection.3.2}% 53
\BOOKMARK [2][-]{subsection.3.3}{Splay\040Tree}{section.3}% 54
\BOOKMARK [2][-]{subsection.3.4}{Functional\040Segment\040Tree}{section.3}% 55
\BOOKMARK [2][-]{subsection.3.5}{Sparse\040Table}{section.3}% 56
\BOOKMARK [2][-]{subsection.3.6}{Heavy-Light\040Decomposition}{section.3}% 57
\BOOKMARK [2][-]{subsection.3.7}{Link-Cut\040Tree}{section.3}% 58
\BOOKMARK [2][-]{subsection.3.8}{Virtual\040Tree}{section.3}% 59
\BOOKMARK [2][-]{subsection.3.9}{Cartesian\040Tree}{section.3}% 60
\BOOKMARK [1][-]{section.4}{Graph\040Theory}{}% 61
\BOOKMARK [2][-]{subsection.4.1}{Shortest\040Path}{section.4}% 62
\BOOKMARK [3][-]{subsubsection.4.1.1}{Dijkstra}{subsection.4.1}% 63
\BOOKMARK [3][-]{subsubsection.4.1.2}{Bellman-Ford}{subsection.4.1}% 64
\BOOKMARK [2][-]{subsection.4.2}{Minimal\040Spanning\040Tree}{section.4}% 65
\BOOKMARK [3][-]{subsubsection.4.2.1}{Zhu\040Liu}{subsection.4.2}% 66
\BOOKMARK [2][-]{subsection.4.3}{LCA}{section.4}% 67
\BOOKMARK [3][-]{subsubsection.4.3.1}{DFS+ST}{subsection.4.3}% 68
\BOOKMARK [3][-]{subsubsection.4.3.2}{Tarjan}{subsection.4.3}% 69
\BOOKMARK [2][-]{subsection.4.4}{Depth-First\040Traversal}{section.4}% 70
\BOOKMARK [3][-]{subsubsection.4.4.1}{Biconnected-Component}{subsection.4.4}% 71
\BOOKMARK [3][-]{subsubsection.4.4.2}{Strongly\040Connected\040Component}{subsection.4.4}% 72
\BOOKMARK [3][-]{subsubsection.4.4.3}{2-SAT}{subsection.4.4}% 73
\BOOKMARK [2][-]{subsection.4.5}{Eular\040Path}{section.4}% 74
\BOOKMARK [3][-]{subsubsection.4.5.1}{Fleury}{subsection.4.5}% 75
\BOOKMARK [2][-]{subsection.4.6}{Bipartite\040Graph\040Matching}{section.4}% 76
\BOOKMARK [3][-]{subsubsection.4.6.1}{Hungry\(Matrix\)}{subsection.4.6}% 77
\BOOKMARK [3][-]{subsubsection.4.6.2}{Hungry\(List\)}{subsection.4.6}% 78
\BOOKMARK [3][-]{subsubsection.4.6.3}{Hopcroft-Carp}{subsection.4.6}% 79
\BOOKMARK [3][-]{subsubsection.4.6.4}{Hungry\(Multiple\)}{subsection.4.6}% 80
\BOOKMARK [3][-]{subsubsection.4.6.5}{Kuhn-Munkres}{subsection.4.6}% 81
\BOOKMARK [2][-]{subsection.4.7}{Network\040Flow}{section.4}% 82
\BOOKMARK [3][-]{subsubsection.4.7.1}{EdmondKarp}{subsection.4.7}% 83
\BOOKMARK [3][-]{subsubsection.4.7.2}{Dinic}{subsection.4.7}% 84
\BOOKMARK [3][-]{subsubsection.4.7.3}{ISAP}{subsection.4.7}% 85
\BOOKMARK [3][-]{subsubsection.4.7.4}{MinCost\040MaxFlow}{subsection.4.7}% 86
\BOOKMARK [3][-]{subsubsection.4.7.5}{Upper-Lower\040Bound}{subsection.4.7}% 87
\BOOKMARK [1][-]{section.5}{Computational\040Geometry}{}% 88
\BOOKMARK [2][-]{subsection.5.1}{Basic\040Function}{section.5}% 89
\BOOKMARK [2][-]{subsection.5.2}{Position}{section.5}% 90
\BOOKMARK [3][-]{subsubsection.5.2.1}{Point-Point}{subsection.5.2}% 91
\BOOKMARK [3][-]{subsubsection.5.2.2}{Line-Line}{subsection.5.2}% 92
\BOOKMARK [3][-]{subsubsection.5.2.3}{Segment-Segment}{subsection.5.2}% 93
\BOOKMARK [3][-]{subsubsection.5.2.4}{Line-Segment}{subsection.5.2}% 94
\BOOKMARK [3][-]{subsubsection.5.2.5}{Point-Line}{subsection.5.2}% 95
\BOOKMARK [3][-]{subsubsection.5.2.6}{Point-Segment}{subsection.5.2}% 96
\BOOKMARK [3][-]{subsubsection.5.2.7}{Point\040on\040Segment}{subsection.5.2}% 97
\BOOKMARK [2][-]{subsection.5.3}{Polygon}{section.5}% 98
\BOOKMARK [3][-]{subsubsection.5.3.1}{Area}{subsection.5.3}% 99
\BOOKMARK [3][-]{subsubsection.5.3.2}{Point\040in\040Convex}{subsection.5.3}% 100
\BOOKMARK [3][-]{subsubsection.5.3.3}{Point\040in\040Polygon}{subsection.5.3}% 101
\BOOKMARK [3][-]{subsubsection.5.3.4}{Judge\040Convex}{subsection.5.3}% 102
\BOOKMARK [2][-]{subsection.5.4}{Integer\040Points}{section.5}% 103
\BOOKMARK [3][-]{subsubsection.5.4.1}{On\040Segment}{subsection.5.4}% 104
\BOOKMARK [3][-]{subsubsection.5.4.2}{On\040Polygon\040Edge}{subsection.5.4}% 105
\BOOKMARK [3][-]{subsubsection.5.4.3}{Inside\040Polygon}{subsection.5.4}% 106
\BOOKMARK [2][-]{subsection.5.5}{Circle}{section.5}% 107
\BOOKMARK [3][-]{subsubsection.5.5.1}{Circumcenter}{subsection.5.5}% 108
\BOOKMARK [2][-]{subsection.5.6}{RuJia\040Liu's}{section.5}% 109
\BOOKMARK [3][-]{subsubsection.5.6.1}{Point}{subsection.5.6}% 110
\BOOKMARK [3][-]{subsubsection.5.6.2}{Circle}{subsection.5.6}% 111
\BOOKMARK [3][-]{subsubsection.5.6.3}{Polygon}{subsection.5.6}% 112
\BOOKMARK [1][-]{section.6}{Dynamic\040Programming}{}% 113
\BOOKMARK [2][-]{subsection.6.1}{Subsequence}{section.6}% 114
\BOOKMARK [3][-]{subsubsection.6.1.1}{Max\040Sum}{subsection.6.1}% 115
\BOOKMARK [3][-]{subsubsection.6.1.2}{Longest\040Increase}{subsection.6.1}% 116
\BOOKMARK [3][-]{subsubsection.6.1.3}{Longest\040Common\040Increase}{subsection.6.1}% 117
\BOOKMARK [2][-]{subsection.6.2}{Digit\040Statistics}{section.6}% 118
\BOOKMARK [2][-]{subsection.6.3}{Slope\040Optimization}{section.6}% 119
\BOOKMARK [1][-]{section.7}{Others}{}% 120
\BOOKMARK [2][-]{subsection.7.1}{Matrix}{section.7}% 121
\BOOKMARK [3][-]{subsubsection.7.1.1}{Matrix\040FastPow}{subsection.7.1}% 122
\BOOKMARK [3][-]{subsubsection.7.1.2}{Gauss\040Elimination}{subsection.7.1}% 123
\BOOKMARK [2][-]{subsection.7.2}{Tricks}{section.7}% 124
\BOOKMARK [3][-]{subsubsection.7.2.1}{Stack-Overflow}{subsection.7.2}% 125
\BOOKMARK [3][-]{subsubsection.7.2.2}{Fast-Scanner}{subsection.7.2}% 126
\BOOKMARK [3][-]{subsubsection.7.2.3}{Strok-Sscanf}{subsection.7.2}% 127
\BOOKMARK [2][-]{subsection.7.3}{Mo\040Algorithm}{section.7}% 128
\BOOKMARK [2][-]{subsection.7.4}{BigNum}{section.7}% 129
\BOOKMARK [3][-]{subsubsection.7.4.1}{High-precision}{subsection.7.4}% 130
\BOOKMARK [3][-]{subsubsection.7.4.2}{Complete\040High-precision}{subsection.7.4}% 131
\BOOKMARK [2][-]{subsection.7.5}{Misc}{section.7}% 132
\BOOKMARK [3][-]{subsubsection.7.5.1}{Standard\040Template\040Library}{subsection.7.5}% 133
\BOOKMARK [3][-]{subsubsection.7.5.2}{Policy-Based\040Data\040Structures}{subsection.7.5}% 134
\BOOKMARK [3][-]{subsubsection.7.5.3}{Subset\040Enumeration}{subsection.7.5}% 135
\BOOKMARK [3][-]{subsubsection.7.5.4}{Date\040Magic}{subsection.7.5}% 136
\BOOKMARK [2][-]{subsection.7.6}{Bitwise\040Magic}{section.7}% 137
\BOOKMARK [2][-]{subsection.7.7}{Configuration}{section.7}% 138
\BOOKMARK [3][-]{subsubsection.7.7.1}{VSCode}{subsection.7.7}% 139
\BOOKMARK [3][-]{subsubsection.7.7.2}{Vim}{subsection.7.7}% 140
